<?xml version="1.0" encoding="UTF-8"?>
<!-- Generated by org.testng.reporters.JUnitXMLReporter -->
<testsuite ignored="0" hostname="Tanu" failures="3" tests="3" name="Default test" time="9.135" errors="0" timestamp="2025-04-19T01:43:46 IST">
  <testcase classname="io.cucumber.testng.AbstractTestNGCucumberTests" name="runScenario" time="3.615">
    <failure type="java.lang.ClassCastException" message="class jdk.proxy2.$Proxy24 cannot be cast to class java.util.List (jdk.proxy2.$Proxy24 is in module jdk.proxy2 of loader &amp;apos;app&amp;apos;; java.util.List is in module java.base of loader &amp;apos;bootstrap&amp;apos;)">
      <![CDATA[java.lang.ClassCastException: class jdk.proxy2.$Proxy24 cannot be cast to class java.util.List (jdk.proxy2.$Proxy24 is in module jdk.proxy2 of loader 'app'; java.util.List is in module java.base of loader 'bootstrap')
at StepDefinitions.TC01_OurTeam.social_media_icon_should_be_visible(TC01_OurTeam.java:133)
at ✽.Social Media icon should be visible "Facebook"(file:///C:/Users/sange/git/ShivohamAutomation_Project/src/test/resources/Features/Pages/TC01_OurTeam.feature:11)
]]>
    </failure>
  </testcase> <!-- runScenario -->
  <testcase classname="io.cucumber.testng.AbstractTestNGCucumberTests" name="runScenario" time="2.402">
    <failure type="java.lang.ClassCastException" message="class jdk.proxy2.$Proxy24 cannot be cast to class java.util.List (jdk.proxy2.$Proxy24 is in module jdk.proxy2 of loader &amp;apos;app&amp;apos;; java.util.List is in module java.base of loader &amp;apos;bootstrap&amp;apos;)">
      <![CDATA[java.lang.ClassCastException: class jdk.proxy2.$Proxy24 cannot be cast to class java.util.List (jdk.proxy2.$Proxy24 is in module jdk.proxy2 of loader 'app'; java.util.List is in module java.base of loader 'bootstrap')
at StepDefinitions.TC01_OurTeam.social_media_icon_should_be_visible(TC01_OurTeam.java:133)
at ✽.Social Media icon should be visible "Twitter"(file:///C:/Users/sange/git/ShivohamAutomation_Project/src/test/resources/Features/Pages/TC01_OurTeam.feature:11)
]]>
    </failure>
  </testcase> <!-- runScenario -->
  <testcase classname="io.cucumber.testng.AbstractTestNGCucumberTests" name="runScenario" time="2.546">
    <failure type="java.lang.ClassCastException" message="class jdk.proxy2.$Proxy24 cannot be cast to class java.util.List (jdk.proxy2.$Proxy24 is in module jdk.proxy2 of loader &amp;apos;app&amp;apos;; java.util.List is in module java.base of loader &amp;apos;bootstrap&amp;apos;)">
      <![CDATA[java.lang.ClassCastException: class jdk.proxy2.$Proxy24 cannot be cast to class java.util.List (jdk.proxy2.$Proxy24 is in module jdk.proxy2 of loader 'app'; java.util.List is in module java.base of loader 'bootstrap')
at StepDefinitions.TC01_OurTeam.social_media_icon_should_be_visible(TC01_OurTeam.java:133)
at ✽.Social Media icon should be visible "Instagram"(file:///C:/Users/sange/git/ShivohamAutomation_Project/src/test/resources/Features/Pages/TC01_OurTeam.feature:11)
]]>
    </failure>
  </testcase> <!-- runScenario -->
</testsuite> <!-- Default test -->
