<?xml version="1.0" encoding="UTF-8"?>
<testng-results ignored="0" total="1" passed="1" failed="0" skipped="0">
  <reporter-output>
  </reporter-output>
  <suite started-at="2025-04-07T23:42:01 IST" name="Default suite" finished-at="2025-04-07T23:42:10 IST" duration-ms="8743">
    <groups>
      <group name="cucumber">
        <method signature="AbstractTestNGCucumberTests.runScenario(io.cucumber.testng.PickleWrapper,io.cucumber.testng.FeatureWrapper)[pri:0, instance:Runners.Run@43bc63a3]" name="runScenario" class="io.cucumber.testng.AbstractTestNGCucumberTests"/>
      </group> <!-- cucumber -->
    </groups>
    <test started-at="2025-04-07T23:42:01 IST" name="Default test" finished-at="2025-04-07T23:42:10 IST" duration-ms="8743">
      <class name="Runners.Run">
        <test-method is-config="true" signature="setUpClass()[pri:0, instance:Runners.Run@43bc63a3]" started-at="2025-04-07T23:42:01 IST" name="setUpClass" finished-at="2025-04-07T23:42:02 IST" duration-ms="794" status="PASS">
          <reporter-output>
          </reporter-output>
        </test-method> <!-- setUpClass -->
        <test-method signature="runScenario(io.cucumber.testng.PickleWrapper,io.cucumber.testng.FeatureWrapper)[pri:0, instance:Runners.Run@43bc63a3]" started-at="2025-04-07T23:42:02 IST" name="runScenario" description="Runs Cucumber Scenarios" data-provider="scenarios" finished-at="2025-04-07T23:42:10 IST" duration-ms="7730" status="PASS">
          <params>
            <param index="0">
              <value>
                <![CDATA["Attempt login with specific credentials"]]>
              </value>
            </param>
            <param index="1">
              <value>
                <![CDATA["Optional[Web Login with multiple data]"]]>
              </value>
            </param>
          </params>
          <reporter-output>
          </reporter-output>
        </test-method> <!-- runScenario -->
        <test-method is-config="true" signature="tearDownClass()[pri:0, instance:Runners.Run@43bc63a3]" started-at="2025-04-07T23:42:10 IST" name="tearDownClass" finished-at="2025-04-07T23:42:10 IST" duration-ms="128" status="PASS">
          <reporter-output>
          </reporter-output>
        </test-method> <!-- tearDownClass -->
      </class> <!-- Runners.Run -->
    </test> <!-- Default test -->
  </suite> <!-- Default suite -->
</testng-results>
