<?xml version="1.0" encoding="UTF-8"?>
<!-- Generated by org.testng.reporters.JUnitReportReporter -->
<testsuite hostname="Tanu" failures="0" tests="3" name="Runners.Run" time="8.563" errors="3" timestamp="2025-04-19T01:43:46 IST" skipped="0">
  <testcase classname="Runners.Run" name="runScenario" time="2.402">
    <error message="class jdk.proxy2.$Proxy24 cannot be cast to class java.util.List (jdk.proxy2.$Proxy24 is in module jdk.proxy2 of loader &#039;app&#039;; java.util.List is in module java.base of loader &#039;bootstrap&#039;)" type="java.lang.ClassCastException">
      <![CDATA[java.lang.ClassCastException: class jdk.proxy2.$Proxy24 cannot be cast to class java.util.List (jdk.proxy2.$Proxy24 is in module jdk.proxy2 of loader 'app'; java.util.List is in module java.base of loader 'bootstrap')
at StepDefinitions.TC01_OurTeam.social_media_icon_should_be_visible(TC01_OurTeam.java:133)
at ✽.Social Media icon should be visible "Twitter"(file:///C:/Users/sange/git/ShivohamAutomation_Project/src/test/resources/Features/Pages/TC01_OurTeam.feature:11)
]]>
    </error>
  </testcase> <!-- runScenario -->
  <system-out/>
  <testcase classname="Runners.Run" name="runScenario" time="3.615">
    <error message="class jdk.proxy2.$Proxy24 cannot be cast to class java.util.List (jdk.proxy2.$Proxy24 is in module jdk.proxy2 of loader &#039;app&#039;; java.util.List is in module java.base of loader &#039;bootstrap&#039;)" type="java.lang.ClassCastException">
      <![CDATA[java.lang.ClassCastException: class jdk.proxy2.$Proxy24 cannot be cast to class java.util.List (jdk.proxy2.$Proxy24 is in module jdk.proxy2 of loader 'app'; java.util.List is in module java.base of loader 'bootstrap')
at StepDefinitions.TC01_OurTeam.social_media_icon_should_be_visible(TC01_OurTeam.java:133)
at ✽.Social Media icon should be visible "Facebook"(file:///C:/Users/sange/git/ShivohamAutomation_Project/src/test/resources/Features/Pages/TC01_OurTeam.feature:11)
]]>
    </error>
  </testcase> <!-- runScenario -->
  <system-out/>
  <testcase classname="Runners.Run" name="runScenario" time="2.546">
    <error message="class jdk.proxy2.$Proxy24 cannot be cast to class java.util.List (jdk.proxy2.$Proxy24 is in module jdk.proxy2 of loader &#039;app&#039;; java.util.List is in module java.base of loader &#039;bootstrap&#039;)" type="java.lang.ClassCastException">
      <![CDATA[java.lang.ClassCastException: class jdk.proxy2.$Proxy24 cannot be cast to class java.util.List (jdk.proxy2.$Proxy24 is in module jdk.proxy2 of loader 'app'; java.util.List is in module java.base of loader 'bootstrap')
at StepDefinitions.TC01_OurTeam.social_media_icon_should_be_visible(TC01_OurTeam.java:133)
at ✽.Social Media icon should be visible "Instagram"(file:///C:/Users/sange/git/ShivohamAutomation_Project/src/test/resources/Features/Pages/TC01_OurTeam.feature:11)
]]>
    </error>
  </testcase> <!-- runScenario -->
  <system-out/>
</testsuite> <!-- Runners.Run -->
